


 记录时间：2016-02-01 16:53:40,028 
日志级别：  DEBUG 
出错类：Log  
错误描述：准备运行一次:TaskFramework.BaseTaskDLL 




 记录时间：2016-02-01 16:53:50,003 
日志级别：  DEBUG 
出错类：Log  
错误描述：准备运行一次:TaskFramework.BaseTaskDLL 




 记录时间：2016-02-01 16:54:00,003 
日志级别：  DEBUG 
出错类：Log  
错误描述：准备运行一次:TaskFramework.BaseTaskDLL 




 记录时间：2016-02-01 16:54:10,003 
日志级别：  DEBUG 
出错类：Log  
错误描述：准备运行一次:TaskFramework.BaseTaskDLL 




 记录时间：2016-02-01 16:54:20,002 
日志级别：  DEBUG 
出错类：Log  
错误描述：准备运行一次:TaskFramework.BaseTaskDLL 




 记录时间：2016-02-01 16:54:30,003 
日志级别：  DEBUG 
出错类：Log  
错误描述：准备运行一次:TaskFramework.BaseTaskDLL 




 记录时间：2016-02-01 16:54:40,003 
日志级别：  DEBUG 
出错类：Log  
错误描述：准备运行一次:TaskFramework.BaseTaskDLL 




 记录时间：2016-02-01 16:54:50,002 
日志级别：  DEBUG 
出错类：Log  
错误描述：准备运行一次:TaskFramework.BaseTaskDLL 




 记录时间：2016-02-01 16:55:00,003 
日志级别：  DEBUG 
出错类：Log  
错误描述：准备运行一次:TaskFramework.BaseTaskDLL 




 记录时间：2016-02-01 16:55:10,000 
日志级别：  DEBUG 
出错类：Log  
错误描述：准备运行一次:TaskFramework.BaseTaskDLL 




 记录时间：2016-02-01 16:55:20,003 
日志级别：  DEBUG 
出错类：Log  
错误描述：准备运行一次:TaskFramework.BaseTaskDLL 




 记录时间：2016-02-01 16:55:30,003 
日志级别：  DEBUG 
出错类：Log  
错误描述：准备运行一次:TaskFramework.BaseTaskDLL 




 记录时间：2016-02-01 16:55:40,003 
日志级别：  DEBUG 
出错类：Log  
错误描述：准备运行一次:TaskFramework.BaseTaskDLL 




 记录时间：2016-02-01 16:55:50,003 
日志级别：  DEBUG 
出错类：Log  
错误描述：准备运行一次:TaskFramework.BaseTaskDLL 




 记录时间：2016-02-01 16:56:00,003 
日志级别：  DEBUG 
出错类：Log  
错误描述：准备运行一次:TaskFramework.BaseTaskDLL 




 记录时间：2016-02-01 16:56:10,003 
日志级别：  DEBUG 
出错类：Log  
错误描述：准备运行一次:TaskFramework.BaseTaskDLL 




 记录时间：2016-02-01 16:56:20,003 
日志级别：  DEBUG 
出错类：Log  
错误描述：准备运行一次:TaskFramework.BaseTaskDLL 




 记录时间：2016-02-01 16:56:30,003 
日志级别：  DEBUG 
出错类：Log  
错误描述：准备运行一次:TaskFramework.BaseTaskDLL 




 记录时间：2016-02-01 16:56:40,003 
日志级别：  DEBUG 
出错类：Log  
错误描述：准备运行一次:TaskFramework.BaseTaskDLL 




 记录时间：2016-02-01 16:56:50,002 
日志级别：  DEBUG 
出错类：Log  
错误描述：准备运行一次:TaskFramework.BaseTaskDLL 




 记录时间：2016-02-01 16:57:00,003 
日志级别：  DEBUG 
出错类：Log  
错误描述：准备运行一次:TaskFramework.BaseTaskDLL 




 记录时间：2016-02-01 16:57:10,002 
日志级别：  DEBUG 
出错类：Log  
错误描述：准备运行一次:TaskFramework.BaseTaskDLL 




 记录时间：2016-02-01 16:57:20,003 
日志级别：  DEBUG 
出错类：Log  
错误描述：准备运行一次:TaskFramework.BaseTaskDLL 




 记录时间：2016-02-01 16:57:30,003 
日志级别：  DEBUG 
出错类：Log  
错误描述：准备运行一次:TaskFramework.BaseTaskDLL 




 记录时间：2016-02-01 16:57:40,002 
日志级别：  DEBUG 
出错类：Log  
错误描述：准备运行一次:TaskFramework.BaseTaskDLL 




 记录时间：2016-02-01 16:57:50,003 
日志级别：  DEBUG 
出错类：Log  
错误描述：准备运行一次:TaskFramework.BaseTaskDLL 




 记录时间：2016-02-01 16:58:00,003 
日志级别：  DEBUG 
出错类：Log  
错误描述：准备运行一次:TaskFramework.BaseTaskDLL 




 记录时间：2016-02-01 16:58:10,003 
日志级别：  DEBUG 
出错类：Log  
错误描述：准备运行一次:TaskFramework.BaseTaskDLL 




 记录时间：2016-02-01 16:58:20,003 
日志级别：  DEBUG 
出错类：Log  
错误描述：准备运行一次:TaskFramework.BaseTaskDLL 




 记录时间：2016-02-01 16:58:30,003 
日志级别：  DEBUG 
出错类：Log  
错误描述：准备运行一次:TaskFramework.BaseTaskDLL 




 记录时间：2016-02-01 16:58:40,003 
日志级别：  DEBUG 
出错类：Log  
错误描述：准备运行一次:TaskFramework.BaseTaskDLL 




 记录时间：2016-02-01 16:58:50,000 
日志级别：  DEBUG 
出错类：Log  
错误描述：准备运行一次:TaskFramework.BaseTaskDLL 




 记录时间：2016-02-01 16:59:00,003 
日志级别：  DEBUG 
出错类：Log  
错误描述：准备运行一次:TaskFramework.BaseTaskDLL 




 记录时间：2016-02-01 16:59:10,002 
日志级别：  DEBUG 
出错类：Log  
错误描述：准备运行一次:TaskFramework.BaseTaskDLL 




 记录时间：2016-02-01 16:59:20,001 
日志级别：  DEBUG 
出错类：Log  
错误描述：准备运行一次:TaskFramework.BaseTaskDLL 




 记录时间：2016-02-01 16:59:30,003 
日志级别：  DEBUG 
出错类：Log  
错误描述：准备运行一次:TaskFramework.BaseTaskDLL 




 记录时间：2016-02-01 16:59:40,001 
日志级别：  DEBUG 
出错类：Log  
错误描述：准备运行一次:TaskFramework.BaseTaskDLL 




 记录时间：2016-02-01 16:59:50,004 
日志级别：  DEBUG 
出错类：Log  
错误描述：准备运行一次:TaskFramework.BaseTaskDLL 




 记录时间：2016-02-01 17:00:00,004 
日志级别：  DEBUG 
出错类：Log  
错误描述：准备运行一次:TaskFramework.BaseTaskDLL 




 记录时间：2016-02-01 17:00:10,003 
日志级别：  DEBUG 
出错类：Log  
错误描述：准备运行一次:TaskFramework.BaseTaskDLL 




 记录时间：2016-02-01 17:00:20,004 
日志级别：  DEBUG 
出错类：Log  
错误描述：准备运行一次:TaskFramework.BaseTaskDLL 




 记录时间：2016-02-01 17:00:30,004 
日志级别：  DEBUG 
出错类：Log  
错误描述：准备运行一次:TaskFramework.BaseTaskDLL 




 记录时间：2016-02-01 17:00:40,002 
日志级别：  DEBUG 
出错类：Log  
错误描述：准备运行一次:TaskFramework.BaseTaskDLL 




 记录时间：2016-02-01 17:00:50,001 
日志级别：  DEBUG 
出错类：Log  
错误描述：准备运行一次:TaskFramework.BaseTaskDLL 




 记录时间：2016-02-01 17:01:00,004 
日志级别：  DEBUG 
出错类：Log  
错误描述：准备运行一次:TaskFramework.BaseTaskDLL 




 记录时间：2016-02-01 17:01:10,004 
日志级别：  DEBUG 
出错类：Log  
错误描述：准备运行一次:TaskFramework.BaseTaskDLL 




 记录时间：2016-02-01 17:01:20,004 
日志级别：  DEBUG 
出错类：Log  
错误描述：准备运行一次:TaskFramework.BaseTaskDLL 




 记录时间：2016-02-01 17:01:30,004 
日志级别：  DEBUG 
出错类：Log  
错误描述：准备运行一次:TaskFramework.BaseTaskDLL 




 记录时间：2016-02-01 17:01:40,000 
日志级别：  DEBUG 
出错类：Log  
错误描述：准备运行一次:TaskFramework.BaseTaskDLL 




 记录时间：2016-02-01 17:01:50,000 
日志级别：  DEBUG 
出错类：Log  
错误描述：准备运行一次:TaskFramework.BaseTaskDLL 




 记录时间：2016-02-01 17:02:00,004 
日志级别：  DEBUG 
出错类：Log  
错误描述：准备运行一次:TaskFramework.BaseTaskDLL 




 记录时间：2016-02-01 17:02:10,004 
日志级别：  DEBUG 
出错类：Log  
错误描述：准备运行一次:TaskFramework.BaseTaskDLL 




 记录时间：2016-02-01 17:02:20,004 
日志级别：  DEBUG 
出错类：Log  
错误描述：准备运行一次:TaskFramework.BaseTaskDLL 




 记录时间：2016-02-01 17:02:30,004 
日志级别：  DEBUG 
出错类：Log  
错误描述：准备运行一次:TaskFramework.BaseTaskDLL 




 记录时间：2016-02-01 17:02:40,003 
日志级别：  DEBUG 
出错类：Log  
错误描述：准备运行一次:TaskFramework.BaseTaskDLL 




 记录时间：2016-02-01 17:02:50,017 
日志级别：  DEBUG 
出错类：Log  
错误描述：准备运行一次:TaskFramework.BaseTaskDLL 




 记录时间：2016-02-01 17:03:00,003 
日志级别：  DEBUG 
出错类：Log  
错误描述：准备运行一次:TaskFramework.BaseTaskDLL 




 记录时间：2016-02-01 17:03:10,003 
日志级别：  DEBUG 
出错类：Log  
错误描述：准备运行一次:TaskFramework.BaseTaskDLL 




 记录时间：2016-02-01 17:03:20,003 
日志级别：  DEBUG 
出错类：Log  
错误描述：准备运行一次:TaskFramework.BaseTaskDLL 




 记录时间：2016-02-01 17:03:30,004 
日志级别：  DEBUG 
出错类：Log  
错误描述：准备运行一次:TaskFramework.BaseTaskDLL 




 记录时间：2016-02-01 17:03:40,004 
日志级别：  DEBUG 
出错类：Log  
错误描述：准备运行一次:TaskFramework.BaseTaskDLL 




 记录时间：2016-02-01 17:03:50,003 
日志级别：  DEBUG 
出错类：Log  
错误描述：准备运行一次:TaskFramework.BaseTaskDLL 




 记录时间：2016-02-01 17:04:00,004 
日志级别：  DEBUG 
出错类：Log  
错误描述：准备运行一次:TaskFramework.BaseTaskDLL 




 记录时间：2016-02-01 17:04:10,004 
日志级别：  DEBUG 
出错类：Log  
错误描述：准备运行一次:TaskFramework.BaseTaskDLL 




 记录时间：2016-02-01 17:04:20,004 
日志级别：  DEBUG 
出错类：Log  
错误描述：准备运行一次:TaskFramework.BaseTaskDLL 




 记录时间：2016-02-01 17:04:30,004 
日志级别：  DEBUG 
出错类：Log  
错误描述：准备运行一次:TaskFramework.BaseTaskDLL 




 记录时间：2016-02-01 17:04:40,004 
日志级别：  DEBUG 
出错类：Log  
错误描述：准备运行一次:TaskFramework.BaseTaskDLL 




 记录时间：2016-02-01 17:04:50,004 
日志级别：  DEBUG 
出错类：Log  
错误描述：准备运行一次:TaskFramework.BaseTaskDLL 




 记录时间：2016-02-01 17:05:00,004 
日志级别：  DEBUG 
出错类：Log  
错误描述：准备运行一次:TaskFramework.BaseTaskDLL 




 记录时间：2016-02-01 17:05:10,004 
日志级别：  DEBUG 
出错类：Log  
错误描述：准备运行一次:TaskFramework.BaseTaskDLL 




 记录时间：2016-02-01 17:05:20,000 
日志级别：  DEBUG 
出错类：Log  
错误描述：准备运行一次:TaskFramework.BaseTaskDLL 




 记录时间：2016-02-01 17:05:30,004 
日志级别：  DEBUG 
出错类：Log  
错误描述：准备运行一次:TaskFramework.BaseTaskDLL 




 记录时间：2016-02-01 17:05:40,004 
日志级别：  DEBUG 
出错类：Log  
错误描述：准备运行一次:TaskFramework.BaseTaskDLL 




 记录时间：2016-02-01 17:05:50,003 
日志级别：  DEBUG 
出错类：Log  
错误描述：准备运行一次:TaskFramework.BaseTaskDLL 




 记录时间：2016-02-01 17:06:00,004 
日志级别：  DEBUG 
出错类：Log  
错误描述：准备运行一次:TaskFramework.BaseTaskDLL 




 记录时间：2016-02-01 17:06:10,003 
日志级别：  DEBUG 
出错类：Log  
错误描述：准备运行一次:TaskFramework.BaseTaskDLL 




 记录时间：2016-02-01 17:06:20,002 
日志级别：  DEBUG 
出错类：Log  
错误描述：准备运行一次:TaskFramework.BaseTaskDLL 




 记录时间：2016-02-01 17:06:30,003 
日志级别：  DEBUG 
出错类：Log  
错误描述：准备运行一次:TaskFramework.BaseTaskDLL 




 记录时间：2016-02-01 17:06:40,004 
日志级别：  DEBUG 
出错类：Log  
错误描述：准备运行一次:TaskFramework.BaseTaskDLL 




 记录时间：2016-02-01 17:06:50,004 
日志级别：  DEBUG 
出错类：Log  
错误描述：准备运行一次:TaskFramework.BaseTaskDLL 




 记录时间：2016-02-01 17:07:00,003 
日志级别：  DEBUG 
出错类：Log  
错误描述：准备运行一次:TaskFramework.BaseTaskDLL 




 记录时间：2016-02-01 17:07:10,004 
日志级别：  DEBUG 
出错类：Log  
错误描述：准备运行一次:TaskFramework.BaseTaskDLL 




 记录时间：2016-02-01 17:07:20,004 
日志级别：  DEBUG 
出错类：Log  
错误描述：准备运行一次:TaskFramework.BaseTaskDLL 




 记录时间：2016-02-01 17:07:30,004 
日志级别：  DEBUG 
出错类：Log  
错误描述：准备运行一次:TaskFramework.BaseTaskDLL 




 记录时间：2016-02-01 17:07:40,004 
日志级别：  DEBUG 
出错类：Log  
错误描述：准备运行一次:TaskFramework.BaseTaskDLL 




 记录时间：2016-02-01 17:07:50,004 
日志级别：  DEBUG 
出错类：Log  
错误描述：准备运行一次:TaskFramework.BaseTaskDLL 




 记录时间：2016-02-01 17:08:00,004 
日志级别：  DEBUG 
出错类：Log  
错误描述：准备运行一次:TaskFramework.BaseTaskDLL 




 记录时间：2016-02-01 17:08:10,004 
日志级别：  DEBUG 
出错类：Log  
错误描述：准备运行一次:TaskFramework.BaseTaskDLL 




 记录时间：2016-02-01 17:08:20,004 
日志级别：  DEBUG 
出错类：Log  
错误描述：准备运行一次:TaskFramework.BaseTaskDLL 




 记录时间：2016-02-01 17:08:30,001 
日志级别：  DEBUG 
出错类：Log  
错误描述：准备运行一次:TaskFramework.BaseTaskDLL 




 记录时间：2016-02-01 17:08:40,004 
日志级别：  DEBUG 
出错类：Log  
错误描述：准备运行一次:TaskFramework.BaseTaskDLL 




 记录时间：2016-02-01 17:08:50,004 
日志级别：  DEBUG 
出错类：Log  
错误描述：准备运行一次:TaskFramework.BaseTaskDLL 




 记录时间：2016-02-01 17:09:00,001 
日志级别：  DEBUG 
出错类：Log  
错误描述：准备运行一次:TaskFramework.BaseTaskDLL 




 记录时间：2016-02-01 17:09:10,000 
日志级别：  DEBUG 
出错类：Log  
错误描述：准备运行一次:TaskFramework.BaseTaskDLL 




 记录时间：2016-02-01 17:09:20,000 
日志级别：  DEBUG 
出错类：Log  
错误描述：准备运行一次:TaskFramework.BaseTaskDLL 




 记录时间：2016-02-01 17:09:30,004 
日志级别：  DEBUG 
出错类：Log  
错误描述：准备运行一次:TaskFramework.BaseTaskDLL 




 记录时间：2016-02-01 17:09:40,008 
日志级别：  DEBUG 
出错类：Log  
错误描述：准备运行一次:TaskFramework.BaseTaskDLL 




 记录时间：2016-02-01 17:09:50,004 
日志级别：  DEBUG 
出错类：Log  
错误描述：准备运行一次:TaskFramework.BaseTaskDLL 




 记录时间：2016-02-01 17:10:00,004 
日志级别：  DEBUG 
出错类：Log  
错误描述：准备运行一次:TaskFramework.BaseTaskDLL 




 记录时间：2016-02-01 17:10:10,004 
日志级别：  DEBUG 
出错类：Log  
错误描述：准备运行一次:TaskFramework.BaseTaskDLL 




 记录时间：2016-02-01 17:10:20,004 
日志级别：  DEBUG 
出错类：Log  
错误描述：准备运行一次:TaskFramework.BaseTaskDLL 




 记录时间：2016-02-01 17:10:30,004 
日志级别：  DEBUG 
出错类：Log  
错误描述：准备运行一次:TaskFramework.BaseTaskDLL 




 记录时间：2016-02-01 17:10:40,004 
日志级别：  DEBUG 
出错类：Log  
错误描述：准备运行一次:TaskFramework.BaseTaskDLL 




 记录时间：2016-02-01 17:10:50,004 
日志级别：  DEBUG 
出错类：Log  
错误描述：准备运行一次:TaskFramework.BaseTaskDLL 




 记录时间：2016-02-01 17:11:00,004 
日志级别：  DEBUG 
出错类：Log  
错误描述：准备运行一次:TaskFramework.BaseTaskDLL 




 记录时间：2016-02-01 17:11:10,003 
日志级别：  DEBUG 
出错类：Log  
错误描述：准备运行一次:TaskFramework.BaseTaskDLL 




 记录时间：2016-02-01 17:11:20,004 
日志级别：  DEBUG 
出错类：Log  
错误描述：准备运行一次:TaskFramework.BaseTaskDLL 




 记录时间：2016-02-01 17:11:30,000 
日志级别：  DEBUG 
出错类：Log  
错误描述：准备运行一次:TaskFramework.BaseTaskDLL 




 记录时间：2016-02-01 17:11:40,001 
日志级别：  DEBUG 
出错类：Log  
错误描述：准备运行一次:TaskFramework.BaseTaskDLL 




 记录时间：2016-02-01 17:11:50,004 
日志级别：  DEBUG 
出错类：Log  
错误描述：准备运行一次:TaskFramework.BaseTaskDLL 




 记录时间：2016-02-01 17:12:00,004 
日志级别：  DEBUG 
出错类：Log  
错误描述：准备运行一次:TaskFramework.BaseTaskDLL 




 记录时间：2016-02-01 17:12:10,002 
日志级别：  DEBUG 
出错类：Log  
错误描述：准备运行一次:TaskFramework.BaseTaskDLL 




 记录时间：2016-02-01 17:12:20,005 
日志级别：  DEBUG 
出错类：Log  
错误描述：准备运行一次:TaskFramework.BaseTaskDLL 




 记录时间：2016-02-01 17:12:30,004 
日志级别：  DEBUG 
出错类：Log  
错误描述：准备运行一次:TaskFramework.BaseTaskDLL 




 记录时间：2016-02-01 17:12:40,004 
日志级别：  DEBUG 
出错类：Log  
错误描述：准备运行一次:TaskFramework.BaseTaskDLL 




 记录时间：2016-02-01 17:12:50,004 
日志级别：  DEBUG 
出错类：Log  
错误描述：准备运行一次:TaskFramework.BaseTaskDLL 




 记录时间：2016-02-01 17:13:00,004 
日志级别：  DEBUG 
出错类：Log  
错误描述：准备运行一次:TaskFramework.BaseTaskDLL 




 记录时间：2016-02-01 17:13:10,004 
日志级别：  DEBUG 
出错类：Log  
错误描述：准备运行一次:TaskFramework.BaseTaskDLL 




 记录时间：2016-02-01 17:13:20,003 
日志级别：  DEBUG 
出错类：Log  
错误描述：准备运行一次:TaskFramework.BaseTaskDLL 




 记录时间：2016-02-01 17:13:30,004 
日志级别：  DEBUG 
出错类：Log  
错误描述：准备运行一次:TaskFramework.BaseTaskDLL 




 记录时间：2016-02-01 17:13:40,004 
日志级别：  DEBUG 
出错类：Log  
错误描述：准备运行一次:TaskFramework.BaseTaskDLL 




 记录时间：2016-02-01 17:13:50,004 
日志级别：  DEBUG 
出错类：Log  
错误描述：准备运行一次:TaskFramework.BaseTaskDLL 




 记录时间：2016-02-01 17:14:00,004 
日志级别：  DEBUG 
出错类：Log  
错误描述：准备运行一次:TaskFramework.BaseTaskDLL 




 记录时间：2016-02-01 17:14:10,004 
日志级别：  DEBUG 
出错类：Log  
错误描述：准备运行一次:TaskFramework.BaseTaskDLL 




 记录时间：2016-02-01 17:14:20,001 
日志级别：  DEBUG 
出错类：Log  
错误描述：准备运行一次:TaskFramework.BaseTaskDLL 




 记录时间：2016-02-01 17:14:30,001 
日志级别：  DEBUG 
出错类：Log  
错误描述：准备运行一次:TaskFramework.BaseTaskDLL 




 记录时间：2016-02-01 17:14:40,004 
日志级别：  DEBUG 
出错类：Log  
错误描述：准备运行一次:TaskFramework.BaseTaskDLL 




 记录时间：2016-02-01 17:14:50,004 
日志级别：  DEBUG 
出错类：Log  
错误描述：准备运行一次:TaskFramework.BaseTaskDLL 




 记录时间：2016-02-01 17:15:00,003 
日志级别：  DEBUG 
出错类：Log  
错误描述：准备运行一次:TaskFramework.BaseTaskDLL 




 记录时间：2016-02-01 17:15:10,003 
日志级别：  DEBUG 
出错类：Log  
错误描述：准备运行一次:TaskFramework.BaseTaskDLL 




 记录时间：2016-02-01 17:15:20,004 
日志级别：  DEBUG 
出错类：Log  
错误描述：准备运行一次:TaskFramework.BaseTaskDLL 




 记录时间：2016-02-01 17:15:30,003 
日志级别：  DEBUG 
出错类：Log  
错误描述：准备运行一次:TaskFramework.BaseTaskDLL 




 记录时间：2016-02-01 17:15:40,003 
日志级别：  DEBUG 
出错类：Log  
错误描述：准备运行一次:TaskFramework.BaseTaskDLL 




 记录时间：2016-02-01 17:15:50,003 
日志级别：  DEBUG 
出错类：Log  
错误描述：准备运行一次:TaskFramework.BaseTaskDLL 




 记录时间：2016-02-01 17:16:00,004 
日志级别：  DEBUG 
出错类：Log  
错误描述：准备运行一次:TaskFramework.BaseTaskDLL 




 记录时间：2016-02-01 17:16:10,004 
日志级别：  DEBUG 
出错类：Log  
错误描述：准备运行一次:TaskFramework.BaseTaskDLL 




 记录时间：2016-02-01 17:16:20,003 
日志级别：  DEBUG 
出错类：Log  
错误描述：准备运行一次:TaskFramework.BaseTaskDLL 




 记录时间：2016-02-01 17:16:30,003 
日志级别：  DEBUG 
出错类：Log  
错误描述：准备运行一次:TaskFramework.BaseTaskDLL 




 记录时间：2016-02-01 17:16:40,001 
日志级别：  DEBUG 
出错类：Log  
错误描述：准备运行一次:TaskFramework.BaseTaskDLL 




 记录时间：2016-02-01 17:16:50,003 
日志级别：  DEBUG 
出错类：Log  
错误描述：准备运行一次:TaskFramework.BaseTaskDLL 




 记录时间：2016-02-01 17:17:00,003 
日志级别：  DEBUG 
出错类：Log  
错误描述：准备运行一次:TaskFramework.BaseTaskDLL 




 记录时间：2016-02-01 17:17:10,003 
日志级别：  DEBUG 
出错类：Log  
错误描述：准备运行一次:TaskFramework.BaseTaskDLL 




 记录时间：2016-02-01 17:17:20,003 
日志级别：  DEBUG 
出错类：Log  
错误描述：准备运行一次:TaskFramework.BaseTaskDLL 




 记录时间：2016-02-01 17:17:30,003 
日志级别：  DEBUG 
出错类：Log  
错误描述：准备运行一次:TaskFramework.BaseTaskDLL 




 记录时间：2016-02-01 17:17:40,001 
日志级别：  DEBUG 
出错类：Log  
错误描述：准备运行一次:TaskFramework.BaseTaskDLL 




 记录时间：2016-02-01 17:17:50,003 
日志级别：  DEBUG 
出错类：Log  
错误描述：准备运行一次:TaskFramework.BaseTaskDLL 




 记录时间：2016-02-01 17:18:00,005 
日志级别：  DEBUG 
出错类：Log  
错误描述：准备运行一次:TaskFramework.BaseTaskDLL 




 记录时间：2016-02-01 17:18:10,003 
日志级别：  DEBUG 
出错类：Log  
错误描述：准备运行一次:TaskFramework.BaseTaskDLL 




 记录时间：2016-02-01 17:18:20,004 
日志级别：  DEBUG 
出错类：Log  
错误描述：准备运行一次:TaskFramework.BaseTaskDLL 




 记录时间：2016-02-01 17:18:30,003 
日志级别：  DEBUG 
出错类：Log  
错误描述：准备运行一次:TaskFramework.BaseTaskDLL 




 记录时间：2016-02-01 17:18:40,001 
日志级别：  DEBUG 
出错类：Log  
错误描述：准备运行一次:TaskFramework.BaseTaskDLL 




 记录时间：2016-02-01 17:18:50,002 
日志级别：  DEBUG 
出错类：Log  
错误描述：准备运行一次:TaskFramework.BaseTaskDLL 




 记录时间：2016-02-01 17:19:00,003 
日志级别：  DEBUG 
出错类：Log  
错误描述：准备运行一次:TaskFramework.BaseTaskDLL 




 记录时间：2016-02-01 17:19:10,000 
日志级别：  DEBUG 
出错类：Log  
错误描述：准备运行一次:TaskFramework.BaseTaskDLL 




 记录时间：2016-02-01 17:19:20,000 
日志级别：  DEBUG 
出错类：Log  
错误描述：准备运行一次:TaskFramework.BaseTaskDLL 




 记录时间：2016-02-01 17:19:30,003 
日志级别：  DEBUG 
出错类：Log  
错误描述：准备运行一次:TaskFramework.BaseTaskDLL 




 记录时间：2016-02-01 17:19:40,005 
日志级别：  DEBUG 
出错类：Log  
错误描述：准备运行一次:TaskFramework.BaseTaskDLL 




 记录时间：2016-02-01 17:19:50,003 
日志级别：  DEBUG 
出错类：Log  
错误描述：准备运行一次:TaskFramework.BaseTaskDLL 




 记录时间：2016-02-01 17:20:00,002 
日志级别：  DEBUG 
出错类：Log  
错误描述：准备运行一次:TaskFramework.BaseTaskDLL 




 记录时间：2016-02-01 17:20:10,003 
日志级别：  DEBUG 
出错类：Log  
错误描述：准备运行一次:TaskFramework.BaseTaskDLL 




 记录时间：2016-02-01 17:20:20,004 
日志级别：  DEBUG 
出错类：Log  
错误描述：准备运行一次:TaskFramework.BaseTaskDLL 




 记录时间：2016-02-01 17:20:30,003 
日志级别：  DEBUG 
出错类：Log  
错误描述：准备运行一次:TaskFramework.BaseTaskDLL 




 记录时间：2016-02-01 17:20:40,004 
日志级别：  DEBUG 
出错类：Log  
错误描述：准备运行一次:TaskFramework.BaseTaskDLL 




 记录时间：2016-02-01 17:20:50,003 
日志级别：  DEBUG 
出错类：Log  
错误描述：准备运行一次:TaskFramework.BaseTaskDLL 




 记录时间：2016-02-01 17:21:00,003 
日志级别：  DEBUG 
出错类：Log  
错误描述：准备运行一次:TaskFramework.BaseTaskDLL 




 记录时间：2016-02-01 17:21:10,001 
日志级别：  DEBUG 
出错类：Log  
错误描述：准备运行一次:TaskFramework.BaseTaskDLL 




 记录时间：2016-02-01 17:21:20,000 
日志级别：  DEBUG 
出错类：Log  
错误描述：准备运行一次:TaskFramework.BaseTaskDLL 




 记录时间：2016-02-01 17:21:30,003 
日志级别：  DEBUG 
出错类：Log  
错误描述：准备运行一次:TaskFramework.BaseTaskDLL 




 记录时间：2016-02-01 17:21:40,001 
日志级别：  DEBUG 
出错类：Log  
错误描述：准备运行一次:TaskFramework.BaseTaskDLL 




 记录时间：2016-02-01 17:21:50,000 
日志级别：  DEBUG 
出错类：Log  
错误描述：准备运行一次:TaskFramework.BaseTaskDLL 




 记录时间：2016-02-01 17:22:00,003 
日志级别：  DEBUG 
出错类：Log  
错误描述：准备运行一次:TaskFramework.BaseTaskDLL 




 记录时间：2016-02-01 17:22:10,003 
日志级别：  DEBUG 
出错类：Log  
错误描述：准备运行一次:TaskFramework.BaseTaskDLL 




 记录时间：2016-02-01 17:22:20,001 
日志级别：  DEBUG 
出错类：Log  
错误描述：准备运行一次:TaskFramework.BaseTaskDLL 




 记录时间：2016-02-01 17:22:30,003 
日志级别：  DEBUG 
出错类：Log  
错误描述：准备运行一次:TaskFramework.BaseTaskDLL 




 记录时间：2016-02-01 17:22:40,003 
日志级别：  DEBUG 
出错类：Log  
错误描述：准备运行一次:TaskFramework.BaseTaskDLL 




 记录时间：2016-02-01 17:22:50,000 
日志级别：  DEBUG 
出错类：Log  
错误描述：准备运行一次:TaskFramework.BaseTaskDLL 




 记录时间：2016-02-01 17:23:00,000 
日志级别：  DEBUG 
出错类：Log  
错误描述：准备运行一次:TaskFramework.BaseTaskDLL 




 记录时间：2016-02-01 17:23:10,004 
日志级别：  DEBUG 
出错类：Log  
错误描述：准备运行一次:TaskFramework.BaseTaskDLL 




 记录时间：2016-02-01 17:23:20,003 
日志级别：  DEBUG 
出错类：Log  
错误描述：准备运行一次:TaskFramework.BaseTaskDLL 




 记录时间：2016-02-01 17:23:30,003 
日志级别：  DEBUG 
出错类：Log  
错误描述：准备运行一次:TaskFramework.BaseTaskDLL 




 记录时间：2016-02-01 17:23:40,003 
日志级别：  DEBUG 
出错类：Log  
错误描述：准备运行一次:TaskFramework.BaseTaskDLL 




 记录时间：2016-02-01 17:23:50,003 
日志级别：  DEBUG 
出错类：Log  
错误描述：准备运行一次:TaskFramework.BaseTaskDLL 




 记录时间：2016-02-01 17:24:00,001 
日志级别：  DEBUG 
出错类：Log  
错误描述：准备运行一次:TaskFramework.BaseTaskDLL 




 记录时间：2016-02-01 17:24:10,002 
日志级别：  DEBUG 
出错类：Log  
错误描述：准备运行一次:TaskFramework.BaseTaskDLL 




 记录时间：2016-02-01 17:24:20,003 
日志级别：  DEBUG 
出错类：Log  
错误描述：准备运行一次:TaskFramework.BaseTaskDLL 




 记录时间：2016-02-01 17:24:30,001 
日志级别：  DEBUG 
出错类：Log  
错误描述：准备运行一次:TaskFramework.BaseTaskDLL 




 记录时间：2016-02-01 17:24:40,003 
日志级别：  DEBUG 
出错类：Log  
错误描述：准备运行一次:TaskFramework.BaseTaskDLL 




 记录时间：2016-02-01 17:24:50,003 
日志级别：  DEBUG 
出错类：Log  
错误描述：准备运行一次:TaskFramework.BaseTaskDLL 




 记录时间：2016-02-01 17:25:00,003 
日志级别：  DEBUG 
出错类：Log  
错误描述：准备运行一次:TaskFramework.BaseTaskDLL 




 记录时间：2016-02-01 17:25:10,000 
日志级别：  DEBUG 
出错类：Log  
错误描述：准备运行一次:TaskFramework.BaseTaskDLL 




 记录时间：2016-02-01 17:25:20,000 
日志级别：  DEBUG 
出错类：Log  
错误描述：准备运行一次:TaskFramework.BaseTaskDLL 




 记录时间：2016-02-01 17:25:30,003 
日志级别：  DEBUG 
出错类：Log  
错误描述：准备运行一次:TaskFramework.BaseTaskDLL 




 记录时间：2016-02-01 17:25:40,003 
日志级别：  DEBUG 
出错类：Log  
错误描述：准备运行一次:TaskFramework.BaseTaskDLL 




 记录时间：2016-02-01 17:25:50,001 
日志级别：  DEBUG 
出错类：Log  
错误描述：准备运行一次:TaskFramework.BaseTaskDLL 




 记录时间：2016-02-01 17:26:00,000 
日志级别：  DEBUG 
出错类：Log  
错误描述：准备运行一次:TaskFramework.BaseTaskDLL 




 记录时间：2016-02-01 17:26:10,003 
日志级别：  DEBUG 
出错类：Log  
错误描述：准备运行一次:TaskFramework.BaseTaskDLL 




 记录时间：2016-02-01 17:26:20,003 
日志级别：  DEBUG 
出错类：Log  
错误描述：准备运行一次:TaskFramework.BaseTaskDLL 




 记录时间：2016-02-01 17:26:30,003 
日志级别：  DEBUG 
出错类：Log  
错误描述：准备运行一次:TaskFramework.BaseTaskDLL 




 记录时间：2016-02-01 17:26:40,000 
日志级别：  DEBUG 
出错类：Log  
错误描述：准备运行一次:TaskFramework.BaseTaskDLL 




 记录时间：2016-02-01 17:26:50,002 
日志级别：  DEBUG 
出错类：Log  
错误描述：准备运行一次:TaskFramework.BaseTaskDLL 




 记录时间：2016-02-01 17:27:00,003 
日志级别：  DEBUG 
出错类：Log  
错误描述：准备运行一次:TaskFramework.BaseTaskDLL 




 记录时间：2016-02-01 17:27:10,003 
日志级别：  DEBUG 
出错类：Log  
错误描述：准备运行一次:TaskFramework.BaseTaskDLL 




 记录时间：2016-02-01 17:27:20,000 
日志级别：  DEBUG 
出错类：Log  
错误描述：准备运行一次:TaskFramework.BaseTaskDLL 




 记录时间：2016-02-01 17:27:30,000 
日志级别：  DEBUG 
出错类：Log  
错误描述：准备运行一次:TaskFramework.BaseTaskDLL 




 记录时间：2016-02-01 17:27:40,002 
日志级别：  DEBUG 
出错类：Log  
错误描述：准备运行一次:TaskFramework.BaseTaskDLL 




 记录时间：2016-02-01 17:27:50,001 
日志级别：  DEBUG 
出错类：Log  
错误描述：准备运行一次:TaskFramework.BaseTaskDLL 




 记录时间：2016-02-01 17:28:00,003 
日志级别：  DEBUG 
出错类：Log  
错误描述：准备运行一次:TaskFramework.BaseTaskDLL 




 记录时间：2016-02-01 17:28:10,003 
日志级别：  DEBUG 
出错类：Log  
错误描述：准备运行一次:TaskFramework.BaseTaskDLL 




 记录时间：2016-02-01 17:28:20,000 
日志级别：  DEBUG 
出错类：Log  
错误描述：准备运行一次:TaskFramework.BaseTaskDLL 




 记录时间：2016-02-01 17:28:30,002 
日志级别：  DEBUG 
出错类：Log  
错误描述：准备运行一次:TaskFramework.BaseTaskDLL 




 记录时间：2016-02-01 17:28:40,003 
日志级别：  DEBUG 
出错类：Log  
错误描述：准备运行一次:TaskFramework.BaseTaskDLL 




 记录时间：2016-02-01 17:28:50,003 
日志级别：  DEBUG 
出错类：Log  
错误描述：准备运行一次:TaskFramework.BaseTaskDLL 




 记录时间：2016-02-01 17:29:00,003 
日志级别：  DEBUG 
出错类：Log  
错误描述：准备运行一次:TaskFramework.BaseTaskDLL 




 记录时间：2016-02-01 17:29:10,003 
日志级别：  DEBUG 
出错类：Log  
错误描述：准备运行一次:TaskFramework.BaseTaskDLL 




 记录时间：2016-02-01 17:29:20,003 
日志级别：  DEBUG 
出错类：Log  
错误描述：准备运行一次:TaskFramework.BaseTaskDLL 




 记录时间：2016-02-01 17:29:30,003 
日志级别：  DEBUG 
出错类：Log  
错误描述：准备运行一次:TaskFramework.BaseTaskDLL 




 记录时间：2016-02-01 17:29:40,003 
日志级别：  DEBUG 
出错类：Log  
错误描述：准备运行一次:TaskFramework.BaseTaskDLL 




 记录时间：2016-02-01 17:29:50,003 
日志级别：  DEBUG 
出错类：Log  
错误描述：准备运行一次:TaskFramework.BaseTaskDLL 




 记录时间：2016-02-01 17:30:00,003 
日志级别：  DEBUG 
出错类：Log  
错误描述：准备运行一次:TaskFramework.BaseTaskDLL 




 记录时间：2016-02-01 17:30:10,003 
日志级别：  DEBUG 
出错类：Log  
错误描述：准备运行一次:TaskFramework.BaseTaskDLL 




 记录时间：2016-02-01 17:30:20,002 
日志级别：  DEBUG 
出错类：Log  
错误描述：准备运行一次:TaskFramework.BaseTaskDLL 




 记录时间：2016-02-01 17:30:30,000 
日志级别：  DEBUG 
出错类：Log  
错误描述：准备运行一次:TaskFramework.BaseTaskDLL 




 记录时间：2016-02-01 17:30:40,003 
日志级别：  DEBUG 
出错类：Log  
错误描述：准备运行一次:TaskFramework.BaseTaskDLL 




 记录时间：2016-02-01 17:30:50,003 
日志级别：  DEBUG 
出错类：Log  
错误描述：准备运行一次:TaskFramework.BaseTaskDLL 




 记录时间：2016-02-01 17:31:00,004 
日志级别：  DEBUG 
出错类：Log  
错误描述：准备运行一次:TaskFramework.BaseTaskDLL 




 记录时间：2016-02-01 17:31:10,003 
日志级别：  DEBUG 
出错类：Log  
错误描述：准备运行一次:TaskFramework.BaseTaskDLL 




 记录时间：2016-02-01 17:31:20,002 
日志级别：  DEBUG 
出错类：Log  
错误描述：准备运行一次:TaskFramework.BaseTaskDLL 




 记录时间：2016-02-01 17:31:30,003 
日志级别：  DEBUG 
出错类：Log  
错误描述：准备运行一次:TaskFramework.BaseTaskDLL 




 记录时间：2016-02-01 17:31:40,003 
日志级别：  DEBUG 
出错类：Log  
错误描述：准备运行一次:TaskFramework.BaseTaskDLL 




 记录时间：2016-02-01 17:31:50,003 
日志级别：  DEBUG 
出错类：Log  
错误描述：准备运行一次:TaskFramework.BaseTaskDLL 




 记录时间：2016-02-01 17:32:00,003 
日志级别：  DEBUG 
出错类：Log  
错误描述：准备运行一次:TaskFramework.BaseTaskDLL 




 记录时间：2016-02-01 17:32:10,003 
日志级别：  DEBUG 
出错类：Log  
错误描述：准备运行一次:TaskFramework.BaseTaskDLL 




 记录时间：2016-02-01 17:32:20,003 
日志级别：  DEBUG 
出错类：Log  
错误描述：准备运行一次:TaskFramework.BaseTaskDLL 




 记录时间：2016-02-01 17:32:30,003 
日志级别：  DEBUG 
出错类：Log  
错误描述：准备运行一次:TaskFramework.BaseTaskDLL 




 记录时间：2016-02-01 17:32:40,003 
日志级别：  DEBUG 
出错类：Log  
错误描述：准备运行一次:TaskFramework.BaseTaskDLL 




 记录时间：2016-02-01 17:32:50,003 
日志级别：  DEBUG 
出错类：Log  
错误描述：准备运行一次:TaskFramework.BaseTaskDLL 




 记录时间：2016-02-01 17:33:00,003 
日志级别：  DEBUG 
出错类：Log  
错误描述：准备运行一次:TaskFramework.BaseTaskDLL 




 记录时间：2016-02-01 17:33:10,003 
日志级别：  DEBUG 
出错类：Log  
错误描述：准备运行一次:TaskFramework.BaseTaskDLL 




 记录时间：2016-02-01 17:33:20,003 
日志级别：  DEBUG 
出错类：Log  
错误描述：准备运行一次:TaskFramework.BaseTaskDLL 




 记录时间：2016-02-01 17:33:30,003 
日志级别：  DEBUG 
出错类：Log  
错误描述：准备运行一次:TaskFramework.BaseTaskDLL 




 记录时间：2016-02-01 17:33:40,003 
日志级别：  DEBUG 
出错类：Log  
错误描述：准备运行一次:TaskFramework.BaseTaskDLL 




 记录时间：2016-02-01 17:33:50,003 
日志级别：  DEBUG 
出错类：Log  
错误描述：准备运行一次:TaskFramework.BaseTaskDLL 




 记录时间：2016-02-01 17:34:00,003 
日志级别：  DEBUG 
出错类：Log  
错误描述：准备运行一次:TaskFramework.BaseTaskDLL 




 记录时间：2016-02-01 17:34:10,003 
日志级别：  DEBUG 
出错类：Log  
错误描述：准备运行一次:TaskFramework.BaseTaskDLL 




 记录时间：2016-02-01 17:34:20,003 
日志级别：  DEBUG 
出错类：Log  
错误描述：准备运行一次:TaskFramework.BaseTaskDLL 




 记录时间：2016-02-01 17:34:30,003 
日志级别：  DEBUG 
出错类：Log  
错误描述：准备运行一次:TaskFramework.BaseTaskDLL 




 记录时间：2016-02-01 17:34:40,003 
日志级别：  DEBUG 
出错类：Log  
错误描述：准备运行一次:TaskFramework.BaseTaskDLL 




 记录时间：2016-02-01 17:34:50,003 
日志级别：  DEBUG 
出错类：Log  
错误描述：准备运行一次:TaskFramework.BaseTaskDLL 




 记录时间：2016-02-01 17:35:00,003 
日志级别：  DEBUG 
出错类：Log  
错误描述：准备运行一次:TaskFramework.BaseTaskDLL 




 记录时间：2016-02-01 17:35:10,003 
日志级别：  DEBUG 
出错类：Log  
错误描述：准备运行一次:TaskFramework.BaseTaskDLL 




 记录时间：2016-02-01 17:35:20,002 
日志级别：  DEBUG 
出错类：Log  
错误描述：准备运行一次:TaskFramework.BaseTaskDLL 




 记录时间：2016-02-01 17:35:30,003 
日志级别：  DEBUG 
出错类：Log  
错误描述：准备运行一次:TaskFramework.BaseTaskDLL 




 记录时间：2016-02-01 17:35:40,003 
日志级别：  DEBUG 
出错类：Log  
错误描述：准备运行一次:TaskFramework.BaseTaskDLL 




 记录时间：2016-02-01 17:35:50,003 
日志级别：  DEBUG 
出错类：Log  
错误描述：准备运行一次:TaskFramework.BaseTaskDLL 




 记录时间：2016-02-01 17:36:00,003 
日志级别：  DEBUG 
出错类：Log  
错误描述：准备运行一次:TaskFramework.BaseTaskDLL 




 记录时间：2016-02-01 17:36:10,003 
日志级别：  DEBUG 
出错类：Log  
错误描述：准备运行一次:TaskFramework.BaseTaskDLL 




 记录时间：2016-02-01 17:36:20,003 
日志级别：  DEBUG 
出错类：Log  
错误描述：准备运行一次:TaskFramework.BaseTaskDLL 




 记录时间：2016-02-01 17:36:30,002 
日志级别：  DEBUG 
出错类：Log  
错误描述：准备运行一次:TaskFramework.BaseTaskDLL 




 记录时间：2016-02-01 17:36:40,002 
日志级别：  DEBUG 
出错类：Log  
错误描述：准备运行一次:TaskFramework.BaseTaskDLL 




 记录时间：2016-02-01 17:36:50,006 
日志级别：  DEBUG 
出错类：Log  
错误描述：准备运行一次:TaskFramework.BaseTaskDLL 




 记录时间：2016-02-01 17:37:00,002 
日志级别：  DEBUG 
出错类：Log  
错误描述：准备运行一次:TaskFramework.BaseTaskDLL 




 记录时间：2016-02-01 17:37:10,002 
日志级别：  DEBUG 
出错类：Log  
错误描述：准备运行一次:TaskFramework.BaseTaskDLL 




 记录时间：2016-02-01 17:37:20,003 
日志级别：  DEBUG 
出错类：Log  
错误描述：准备运行一次:TaskFramework.BaseTaskDLL 




 记录时间：2016-02-01 17:37:30,003 
日志级别：  DEBUG 
出错类：Log  
错误描述：准备运行一次:TaskFramework.BaseTaskDLL 




 记录时间：2016-02-01 17:37:40,003 
日志级别：  DEBUG 
出错类：Log  
错误描述：准备运行一次:TaskFramework.BaseTaskDLL 




 记录时间：2016-02-01 17:37:50,002 
日志级别：  DEBUG 
出错类：Log  
错误描述：准备运行一次:TaskFramework.BaseTaskDLL 




 记录时间：2016-02-01 17:38:00,002 
日志级别：  DEBUG 
出错类：Log  
错误描述：准备运行一次:TaskFramework.BaseTaskDLL 




 记录时间：2016-02-01 17:38:10,001 
日志级别：  DEBUG 
出错类：Log  
错误描述：准备运行一次:TaskFramework.BaseTaskDLL 




 记录时间：2016-02-01 17:38:20,002 
日志级别：  DEBUG 
出错类：Log  
错误描述：准备运行一次:TaskFramework.BaseTaskDLL 




 记录时间：2016-02-01 17:38:30,000 
日志级别：  DEBUG 
出错类：Log  
错误描述：准备运行一次:TaskFramework.BaseTaskDLL 




 记录时间：2016-02-01 17:38:40,003 
日志级别：  DEBUG 
出错类：Log  
错误描述：准备运行一次:TaskFramework.BaseTaskDLL 




 记录时间：2016-02-01 17:38:50,001 
日志级别：  DEBUG 
出错类：Log  
错误描述：准备运行一次:TaskFramework.BaseTaskDLL 




 记录时间：2016-02-01 17:39:00,003 
日志级别：  DEBUG 
出错类：Log  
错误描述：准备运行一次:TaskFramework.BaseTaskDLL 




 记录时间：2016-02-01 17:39:10,001 
日志级别：  DEBUG 
出错类：Log  
错误描述：准备运行一次:TaskFramework.BaseTaskDLL 




 记录时间：2016-02-01 17:39:20,003 
日志级别：  DEBUG 
出错类：Log  
错误描述：准备运行一次:TaskFramework.BaseTaskDLL 




 记录时间：2016-02-01 17:39:30,003 
日志级别：  DEBUG 
出错类：Log  
错误描述：准备运行一次:TaskFramework.BaseTaskDLL 




 记录时间：2016-02-01 17:39:40,003 
日志级别：  DEBUG 
出错类：Log  
错误描述：准备运行一次:TaskFramework.BaseTaskDLL 




 记录时间：2016-02-01 17:39:50,003 
日志级别：  DEBUG 
出错类：Log  
错误描述：准备运行一次:TaskFramework.BaseTaskDLL 




 记录时间：2016-02-01 17:40:00,002 
日志级别：  DEBUG 
出错类：Log  
错误描述：准备运行一次:TaskFramework.BaseTaskDLL 




 记录时间：2016-02-01 17:40:10,003 
日志级别：  DEBUG 
出错类：Log  
错误描述：准备运行一次:TaskFramework.BaseTaskDLL 




 记录时间：2016-02-01 17:40:20,000 
日志级别：  DEBUG 
出错类：Log  
错误描述：准备运行一次:TaskFramework.BaseTaskDLL 




 记录时间：2016-02-01 17:40:30,002 
日志级别：  DEBUG 
出错类：Log  
错误描述：准备运行一次:TaskFramework.BaseTaskDLL 




 记录时间：2016-02-01 17:40:40,003 
日志级别：  DEBUG 
出错类：Log  
错误描述：准备运行一次:TaskFramework.BaseTaskDLL 




 记录时间：2016-02-01 17:40:50,003 
日志级别：  DEBUG 
出错类：Log  
错误描述：准备运行一次:TaskFramework.BaseTaskDLL 




 记录时间：2016-02-01 17:41:00,001 
日志级别：  DEBUG 
出错类：Log  
错误描述：准备运行一次:TaskFramework.BaseTaskDLL 




 记录时间：2016-02-01 17:41:10,003 
日志级别：  DEBUG 
出错类：Log  
错误描述：准备运行一次:TaskFramework.BaseTaskDLL 




 记录时间：2016-02-01 17:41:20,003 
日志级别：  DEBUG 
出错类：Log  
错误描述：准备运行一次:TaskFramework.BaseTaskDLL 




 记录时间：2016-02-01 17:41:30,000 
日志级别：  DEBUG 
出错类：Log  
错误描述：准备运行一次:TaskFramework.BaseTaskDLL 




 记录时间：2016-02-01 17:41:40,002 
日志级别：  DEBUG 
出错类：Log  
错误描述：准备运行一次:TaskFramework.BaseTaskDLL 




 记录时间：2016-02-01 17:41:50,003 
日志级别：  DEBUG 
出错类：Log  
错误描述：准备运行一次:TaskFramework.BaseTaskDLL 




 记录时间：2016-02-01 17:42:00,003 
日志级别：  DEBUG 
出错类：Log  
错误描述：准备运行一次:TaskFramework.BaseTaskDLL 




 记录时间：2016-02-01 17:42:10,002 
日志级别：  DEBUG 
出错类：Log  
错误描述：准备运行一次:TaskFramework.BaseTaskDLL 




 记录时间：2016-02-01 17:42:20,002 
日志级别：  DEBUG 
出错类：Log  
错误描述：准备运行一次:TaskFramework.BaseTaskDLL 




 记录时间：2016-02-01 17:42:30,003 
日志级别：  DEBUG 
出错类：Log  
错误描述：准备运行一次:TaskFramework.BaseTaskDLL 




 记录时间：2016-02-01 17:42:40,002 
日志级别：  DEBUG 
出错类：Log  
错误描述：准备运行一次:TaskFramework.BaseTaskDLL 




 记录时间：2016-02-01 17:42:50,003 
日志级别：  DEBUG 
出错类：Log  
错误描述：准备运行一次:TaskFramework.BaseTaskDLL 




 记录时间：2016-02-01 17:43:00,001 
日志级别：  DEBUG 
出错类：Log  
错误描述：准备运行一次:TaskFramework.BaseTaskDLL 




 记录时间：2016-02-01 17:43:10,002 
日志级别：  DEBUG 
出错类：Log  
错误描述：准备运行一次:TaskFramework.BaseTaskDLL 




 记录时间：2016-02-01 17:43:20,003 
日志级别：  DEBUG 
出错类：Log  
错误描述：准备运行一次:TaskFramework.BaseTaskDLL 




 记录时间：2016-02-01 17:43:30,003 
日志级别：  DEBUG 
出错类：Log  
错误描述：准备运行一次:TaskFramework.BaseTaskDLL 




 记录时间：2016-02-01 17:43:40,003 
日志级别：  DEBUG 
出错类：Log  
错误描述：准备运行一次:TaskFramework.BaseTaskDLL 




 记录时间：2016-02-01 17:43:50,002 
日志级别：  DEBUG 
出错类：Log  
错误描述：准备运行一次:TaskFramework.BaseTaskDLL 




 记录时间：2016-02-01 17:44:00,003 
日志级别：  DEBUG 
出错类：Log  
错误描述：准备运行一次:TaskFramework.BaseTaskDLL 




 记录时间：2016-02-01 17:44:10,003 
日志级别：  DEBUG 
出错类：Log  
错误描述：准备运行一次:TaskFramework.BaseTaskDLL 




 记录时间：2016-02-01 17:44:20,003 
日志级别：  DEBUG 
出错类：Log  
错误描述：准备运行一次:TaskFramework.BaseTaskDLL 




 记录时间：2016-02-01 17:44:30,003 
日志级别：  DEBUG 
出错类：Log  
错误描述：准备运行一次:TaskFramework.BaseTaskDLL 




 记录时间：2016-02-01 17:44:40,002 
日志级别：  DEBUG 
出错类：Log  
错误描述：准备运行一次:TaskFramework.BaseTaskDLL 




 记录时间：2016-02-01 17:44:50,003 
日志级别：  DEBUG 
出错类：Log  
错误描述：准备运行一次:TaskFramework.BaseTaskDLL 




 记录时间：2016-02-01 17:45:00,003 
日志级别：  DEBUG 
出错类：Log  
错误描述：准备运行一次:TaskFramework.BaseTaskDLL 




 记录时间：2016-02-01 17:45:10,003 
日志级别：  DEBUG 
出错类：Log  
错误描述：准备运行一次:TaskFramework.BaseTaskDLL 




 记录时间：2016-02-01 17:45:20,003 
日志级别：  DEBUG 
出错类：Log  
错误描述：准备运行一次:TaskFramework.BaseTaskDLL 




 记录时间：2016-02-01 17:45:30,003 
日志级别：  DEBUG 
出错类：Log  
错误描述：准备运行一次:TaskFramework.BaseTaskDLL 




 记录时间：2016-02-01 17:45:40,003 
日志级别：  DEBUG 
出错类：Log  
错误描述：准备运行一次:TaskFramework.BaseTaskDLL 




 记录时间：2016-02-01 17:45:50,003 
日志级别：  DEBUG 
出错类：Log  
错误描述：准备运行一次:TaskFramework.BaseTaskDLL 




 记录时间：2016-02-01 17:46:00,003 
日志级别：  DEBUG 
出错类：Log  
错误描述：准备运行一次:TaskFramework.BaseTaskDLL 




 记录时间：2016-02-01 17:46:10,003 
日志级别：  DEBUG 
出错类：Log  
错误描述：准备运行一次:TaskFramework.BaseTaskDLL 




 记录时间：2016-02-01 17:46:20,003 
日志级别：  DEBUG 
出错类：Log  
错误描述：准备运行一次:TaskFramework.BaseTaskDLL 




 记录时间：2016-02-01 17:46:30,003 
日志级别：  DEBUG 
出错类：Log  
错误描述：准备运行一次:TaskFramework.BaseTaskDLL 




 记录时间：2016-02-01 17:46:40,003 
日志级别：  DEBUG 
出错类：Log  
错误描述：准备运行一次:TaskFramework.BaseTaskDLL 




 记录时间：2016-02-01 17:46:50,003 
日志级别：  DEBUG 
出错类：Log  
错误描述：准备运行一次:TaskFramework.BaseTaskDLL 




 记录时间：2016-02-01 17:47:00,001 
日志级别：  DEBUG 
出错类：Log  
错误描述：准备运行一次:TaskFramework.BaseTaskDLL 




 记录时间：2016-02-01 17:47:10,003 
日志级别：  DEBUG 
出错类：Log  
错误描述：准备运行一次:TaskFramework.BaseTaskDLL 




 记录时间：2016-02-01 17:47:20,003 
日志级别：  DEBUG 
出错类：Log  
错误描述：准备运行一次:TaskFramework.BaseTaskDLL 




 记录时间：2016-02-01 17:47:30,003 
日志级别：  DEBUG 
出错类：Log  
错误描述：准备运行一次:TaskFramework.BaseTaskDLL 




 记录时间：2016-02-01 17:47:40,003 
日志级别：  DEBUG 
出错类：Log  
错误描述：准备运行一次:TaskFramework.BaseTaskDLL 




 记录时间：2016-02-01 17:47:50,003 
日志级别：  DEBUG 
出错类：Log  
错误描述：准备运行一次:TaskFramework.BaseTaskDLL 




 记录时间：2016-02-01 17:48:00,003 
日志级别：  DEBUG 
出错类：Log  
错误描述：准备运行一次:TaskFramework.BaseTaskDLL 




 记录时间：2016-02-01 17:48:10,003 
日志级别：  DEBUG 
出错类：Log  
错误描述：准备运行一次:TaskFramework.BaseTaskDLL 




 记录时间：2016-02-01 17:48:20,002 
日志级别：  DEBUG 
出错类：Log  
错误描述：准备运行一次:TaskFramework.BaseTaskDLL 




 记录时间：2016-02-01 17:48:30,003 
日志级别：  DEBUG 
出错类：Log  
错误描述：准备运行一次:TaskFramework.BaseTaskDLL 




 记录时间：2016-02-01 17:48:40,002 
日志级别：  DEBUG 
出错类：Log  
错误描述：准备运行一次:TaskFramework.BaseTaskDLL 




 记录时间：2016-02-01 17:48:50,003 
日志级别：  DEBUG 
出错类：Log  
错误描述：准备运行一次:TaskFramework.BaseTaskDLL 




 记录时间：2016-02-01 17:49:00,003 
日志级别：  DEBUG 
出错类：Log  
错误描述：准备运行一次:TaskFramework.BaseTaskDLL 




 记录时间：2016-02-01 17:49:10,003 
日志级别：  DEBUG 
出错类：Log  
错误描述：准备运行一次:TaskFramework.BaseTaskDLL 




 记录时间：2016-02-01 17:49:20,003 
日志级别：  DEBUG 
出错类：Log  
错误描述：准备运行一次:TaskFramework.BaseTaskDLL 




 记录时间：2016-02-01 17:49:30,000 
日志级别：  DEBUG 
出错类：Log  
错误描述：准备运行一次:TaskFramework.BaseTaskDLL 




 记录时间：2016-02-01 17:49:40,003 
日志级别：  DEBUG 
出错类：Log  
错误描述：准备运行一次:TaskFramework.BaseTaskDLL 




 记录时间：2016-02-01 17:49:50,003 
日志级别：  DEBUG 
出错类：Log  
错误描述：准备运行一次:TaskFramework.BaseTaskDLL 




 记录时间：2016-02-01 17:50:00,003 
日志级别：  DEBUG 
出错类：Log  
错误描述：准备运行一次:TaskFramework.BaseTaskDLL 




 记录时间：2016-02-01 17:50:10,003 
日志级别：  DEBUG 
出错类：Log  
错误描述：准备运行一次:TaskFramework.BaseTaskDLL 




 记录时间：2016-02-01 17:50:20,002 
日志级别：  DEBUG 
出错类：Log  
错误描述：准备运行一次:TaskFramework.BaseTaskDLL 




 记录时间：2016-02-01 17:50:30,000 
日志级别：  DEBUG 
出错类：Log  
错误描述：准备运行一次:TaskFramework.BaseTaskDLL 




 记录时间：2016-02-01 17:50:40,003 
日志级别：  DEBUG 
出错类：Log  
错误描述：准备运行一次:TaskFramework.BaseTaskDLL 




 记录时间：2016-02-01 17:50:50,003 
日志级别：  DEBUG 
出错类：Log  
错误描述：准备运行一次:TaskFramework.BaseTaskDLL 




 记录时间：2016-02-01 17:51:00,003 
日志级别：  DEBUG 
出错类：Log  
错误描述：准备运行一次:TaskFramework.BaseTaskDLL 




 记录时间：2016-02-01 17:51:10,003 
日志级别：  DEBUG 
出错类：Log  
错误描述：准备运行一次:TaskFramework.BaseTaskDLL 




 记录时间：2016-02-01 17:51:20,003 
日志级别：  DEBUG 
出错类：Log  
错误描述：准备运行一次:TaskFramework.BaseTaskDLL 




 记录时间：2016-02-01 17:51:30,002 
日志级别：  DEBUG 
出错类：Log  
错误描述：准备运行一次:TaskFramework.BaseTaskDLL 




 记录时间：2016-02-01 17:51:40,001 
日志级别：  DEBUG 
出错类：Log  
错误描述：准备运行一次:TaskFramework.BaseTaskDLL 




 记录时间：2016-02-01 17:51:50,003 
日志级别：  DEBUG 
出错类：Log  
错误描述：准备运行一次:TaskFramework.BaseTaskDLL 




 记录时间：2016-02-01 17:52:00,004 
日志级别：  DEBUG 
出错类：Log  
错误描述：准备运行一次:TaskFramework.BaseTaskDLL 




 记录时间：2016-02-01 17:52:10,001 
日志级别：  DEBUG 
出错类：Log  
错误描述：准备运行一次:TaskFramework.BaseTaskDLL 




 记录时间：2016-02-01 17:52:20,003 
日志级别：  DEBUG 
出错类：Log  
错误描述：准备运行一次:TaskFramework.BaseTaskDLL 




 记录时间：2016-02-01 17:52:30,001 
日志级别：  DEBUG 
出错类：Log  
错误描述：准备运行一次:TaskFramework.BaseTaskDLL 




 记录时间：2016-02-01 17:52:40,000 
日志级别：  DEBUG 
出错类：Log  
错误描述：准备运行一次:TaskFramework.BaseTaskDLL 




 记录时间：2016-02-01 17:52:50,002 
日志级别：  DEBUG 
出错类：Log  
错误描述：准备运行一次:TaskFramework.BaseTaskDLL 




 记录时间：2016-02-01 17:53:00,003 
日志级别：  DEBUG 
出错类：Log  
错误描述：准备运行一次:TaskFramework.BaseTaskDLL 




 记录时间：2016-02-01 17:53:10,000 
日志级别：  DEBUG 
出错类：Log  
错误描述：准备运行一次:TaskFramework.BaseTaskDLL 




 记录时间：2016-02-01 17:53:20,003 
日志级别：  DEBUG 
出错类：Log  
错误描述：准备运行一次:TaskFramework.BaseTaskDLL 




 记录时间：2016-02-01 17:53:30,003 
日志级别：  DEBUG 
出错类：Log  
错误描述：准备运行一次:TaskFramework.BaseTaskDLL 




 记录时间：2016-02-01 17:53:40,001 
日志级别：  DEBUG 
出错类：Log  
错误描述：准备运行一次:TaskFramework.BaseTaskDLL 




 记录时间：2016-02-01 17:53:50,000 
日志级别：  DEBUG 
出错类：Log  
错误描述：准备运行一次:TaskFramework.BaseTaskDLL 




 记录时间：2016-02-01 17:54:00,001 
日志级别：  DEBUG 
出错类：Log  
错误描述：准备运行一次:TaskFramework.BaseTaskDLL 




 记录时间：2016-02-01 17:54:10,001 
日志级别：  DEBUG 
出错类：Log  
错误描述：准备运行一次:TaskFramework.BaseTaskDLL 




 记录时间：2016-02-01 17:54:20,001 
日志级别：  DEBUG 
出错类：Log  
错误描述：准备运行一次:TaskFramework.BaseTaskDLL 




 记录时间：2016-02-01 17:54:30,000 
日志级别：  DEBUG 
出错类：Log  
错误描述：准备运行一次:TaskFramework.BaseTaskDLL 




 记录时间：2016-02-01 17:54:40,003 
日志级别：  DEBUG 
出错类：Log  
错误描述：准备运行一次:TaskFramework.BaseTaskDLL 




 记录时间：2016-02-01 17:54:50,002 
日志级别：  DEBUG 
出错类：Log  
错误描述：准备运行一次:TaskFramework.BaseTaskDLL 




 记录时间：2016-02-01 17:55:00,003 
日志级别：  DEBUG 
出错类：Log  
错误描述：准备运行一次:TaskFramework.BaseTaskDLL 




 记录时间：2016-02-01 17:55:10,003 
日志级别：  DEBUG 
出错类：Log  
错误描述：准备运行一次:TaskFramework.BaseTaskDLL 




 记录时间：2016-02-01 17:55:20,003 
日志级别：  DEBUG 
出错类：Log  
错误描述：准备运行一次:TaskFramework.BaseTaskDLL 




 记录时间：2016-02-01 17:55:30,003 
日志级别：  DEBUG 
出错类：Log  
错误描述：准备运行一次:TaskFramework.BaseTaskDLL 




 记录时间：2016-02-01 17:55:40,001 
日志级别：  DEBUG 
出错类：Log  
错误描述：准备运行一次:TaskFramework.BaseTaskDLL 




 记录时间：2016-02-01 17:55:50,000 
日志级别：  DEBUG 
出错类：Log  
错误描述：准备运行一次:TaskFramework.BaseTaskDLL 




 记录时间：2016-02-01 17:56:00,002 
日志级别：  DEBUG 
出错类：Log  
错误描述：准备运行一次:TaskFramework.BaseTaskDLL 




 记录时间：2016-02-01 17:56:10,001 
日志级别：  DEBUG 
出错类：Log  
错误描述：准备运行一次:TaskFramework.BaseTaskDLL 




 记录时间：2016-02-01 17:56:20,003 
日志级别：  DEBUG 
出错类：Log  
错误描述：准备运行一次:TaskFramework.BaseTaskDLL 




 记录时间：2016-02-01 17:56:30,003 
日志级别：  DEBUG 
出错类：Log  
错误描述：准备运行一次:TaskFramework.BaseTaskDLL 




 记录时间：2016-02-01 17:56:40,003 
日志级别：  DEBUG 
出错类：Log  
错误描述：准备运行一次:TaskFramework.BaseTaskDLL 




 记录时间：2016-02-01 17:56:50,002 
日志级别：  DEBUG 
出错类：Log  
错误描述：准备运行一次:TaskFramework.BaseTaskDLL 




 记录时间：2016-02-01 17:57:00,001 
日志级别：  DEBUG 
出错类：Log  
错误描述：准备运行一次:TaskFramework.BaseTaskDLL 




 记录时间：2016-02-01 17:57:10,003 
日志级别：  DEBUG 
出错类：Log  
错误描述：准备运行一次:TaskFramework.BaseTaskDLL 




 记录时间：2016-02-01 17:57:20,001 
日志级别：  DEBUG 
出错类：Log  
错误描述：准备运行一次:TaskFramework.BaseTaskDLL 




 记录时间：2016-02-01 17:57:30,003 
日志级别：  DEBUG 
出错类：Log  
错误描述：准备运行一次:TaskFramework.BaseTaskDLL 




 记录时间：2016-02-01 17:57:40,001 
日志级别：  DEBUG 
出错类：Log  
错误描述：准备运行一次:TaskFramework.BaseTaskDLL 




 记录时间：2016-02-01 17:57:50,003 
日志级别：  DEBUG 
出错类：Log  
错误描述：准备运行一次:TaskFramework.BaseTaskDLL 




 记录时间：2016-02-01 17:58:00,002 
日志级别：  DEBUG 
出错类：Log  
错误描述：准备运行一次:TaskFramework.BaseTaskDLL 




 记录时间：2016-02-01 17:58:10,003 
日志级别：  DEBUG 
出错类：Log  
错误描述：准备运行一次:TaskFramework.BaseTaskDLL 




 记录时间：2016-02-01 17:58:20,003 
日志级别：  DEBUG 
出错类：Log  
错误描述：准备运行一次:TaskFramework.BaseTaskDLL 




 记录时间：2016-02-01 17:58:30,003 
日志级别：  DEBUG 
出错类：Log  
错误描述：准备运行一次:TaskFramework.BaseTaskDLL 




 记录时间：2016-02-01 17:58:40,003 
日志级别：  DEBUG 
出错类：Log  
错误描述：准备运行一次:TaskFramework.BaseTaskDLL 




 记录时间：2016-02-01 17:58:50,003 
日志级别：  DEBUG 
出错类：Log  
错误描述：准备运行一次:TaskFramework.BaseTaskDLL 




 记录时间：2016-02-01 17:59:00,003 
日志级别：  DEBUG 
出错类：Log  
错误描述：准备运行一次:TaskFramework.BaseTaskDLL 




 记录时间：2016-02-01 17:59:10,003 
日志级别：  DEBUG 
出错类：Log  
错误描述：准备运行一次:TaskFramework.BaseTaskDLL 




 记录时间：2016-02-01 17:59:20,003 
日志级别：  DEBUG 
出错类：Log  
错误描述：准备运行一次:TaskFramework.BaseTaskDLL 




 记录时间：2016-02-01 17:59:30,003 
日志级别：  DEBUG 
出错类：Log  
错误描述：准备运行一次:TaskFramework.BaseTaskDLL 




 记录时间：2016-02-01 17:59:40,003 
日志级别：  DEBUG 
出错类：Log  
错误描述：准备运行一次:TaskFramework.BaseTaskDLL 




 记录时间：2016-02-01 17:59:50,004 
日志级别：  DEBUG 
出错类：Log  
错误描述：准备运行一次:TaskFramework.BaseTaskDLL 




 记录时间：2016-02-01 18:00:00,004 
日志级别：  DEBUG 
出错类：Log  
错误描述：准备运行一次:TaskFramework.BaseTaskDLL 




 记录时间：2016-02-01 18:00:10,004 
日志级别：  DEBUG 
出错类：Log  
错误描述：准备运行一次:TaskFramework.BaseTaskDLL 




 记录时间：2016-02-01 18:00:20,004 
日志级别：  DEBUG 
出错类：Log  
错误描述：准备运行一次:TaskFramework.BaseTaskDLL 




 记录时间：2016-02-01 18:00:30,004 
日志级别：  DEBUG 
出错类：Log  
错误描述：准备运行一次:TaskFramework.BaseTaskDLL 




 记录时间：2016-02-01 18:00:40,004 
日志级别：  DEBUG 
出错类：Log  
错误描述：准备运行一次:TaskFramework.BaseTaskDLL 




 记录时间：2016-02-01 18:00:50,004 
日志级别：  DEBUG 
出错类：Log  
错误描述：准备运行一次:TaskFramework.BaseTaskDLL 




 记录时间：2016-02-01 18:01:00,004 
日志级别：  DEBUG 
出错类：Log  
错误描述：准备运行一次:TaskFramework.BaseTaskDLL 




 记录时间：2016-02-01 18:01:10,004 
日志级别：  DEBUG 
出错类：Log  
错误描述：准备运行一次:TaskFramework.BaseTaskDLL 




 记录时间：2016-02-01 18:01:20,004 
日志级别：  DEBUG 
出错类：Log  
错误描述：准备运行一次:TaskFramework.BaseTaskDLL 




 记录时间：2016-02-01 18:01:30,004 
日志级别：  DEBUG 
出错类：Log  
错误描述：准备运行一次:TaskFramework.BaseTaskDLL 




 记录时间：2016-02-01 18:01:40,004 
日志级别：  DEBUG 
出错类：Log  
错误描述：准备运行一次:TaskFramework.BaseTaskDLL 




 记录时间：2016-02-01 18:01:50,004 
日志级别：  DEBUG 
出错类：Log  
错误描述：准备运行一次:TaskFramework.BaseTaskDLL 




 记录时间：2016-02-01 18:02:00,004 
日志级别：  DEBUG 
出错类：Log  
错误描述：准备运行一次:TaskFramework.BaseTaskDLL 




 记录时间：2016-02-01 18:02:10,004 
日志级别：  DEBUG 
出错类：Log  
错误描述：准备运行一次:TaskFramework.BaseTaskDLL 




 记录时间：2016-02-01 18:02:20,004 
日志级别：  DEBUG 
出错类：Log  
错误描述：准备运行一次:TaskFramework.BaseTaskDLL 




 记录时间：2016-02-01 18:02:30,004 
日志级别：  DEBUG 
出错类：Log  
错误描述：准备运行一次:TaskFramework.BaseTaskDLL 




 记录时间：2016-02-01 18:02:40,004 
日志级别：  DEBUG 
出错类：Log  
错误描述：准备运行一次:TaskFramework.BaseTaskDLL 




 记录时间：2016-02-01 18:02:50,004 
日志级别：  DEBUG 
出错类：Log  
错误描述：准备运行一次:TaskFramework.BaseTaskDLL 




 记录时间：2016-02-01 18:03:00,002 
日志级别：  DEBUG 
出错类：Log  
错误描述：准备运行一次:TaskFramework.BaseTaskDLL 




 记录时间：2016-02-01 18:03:10,004 
日志级别：  DEBUG 
出错类：Log  
错误描述：准备运行一次:TaskFramework.BaseTaskDLL 




 记录时间：2016-02-01 18:03:20,004 
日志级别：  DEBUG 
出错类：Log  
错误描述：准备运行一次:TaskFramework.BaseTaskDLL 




 记录时间：2016-02-01 18:03:30,004 
日志级别：  DEBUG 
出错类：Log  
错误描述：准备运行一次:TaskFramework.BaseTaskDLL 




 记录时间：2016-02-01 18:03:40,004 
日志级别：  DEBUG 
出错类：Log  
错误描述：准备运行一次:TaskFramework.BaseTaskDLL 




 记录时间：2016-02-01 18:03:50,004 
日志级别：  DEBUG 
出错类：Log  
错误描述：准备运行一次:TaskFramework.BaseTaskDLL 




 记录时间：2016-02-01 18:04:00,004 
日志级别：  DEBUG 
出错类：Log  
错误描述：准备运行一次:TaskFramework.BaseTaskDLL 




 记录时间：2016-02-01 18:04:10,004 
日志级别：  DEBUG 
出错类：Log  
错误描述：准备运行一次:TaskFramework.BaseTaskDLL 




 记录时间：2016-02-01 18:04:20,004 
日志级别：  DEBUG 
出错类：Log  
错误描述：准备运行一次:TaskFramework.BaseTaskDLL 




 记录时间：2016-02-01 18:04:30,004 
日志级别：  DEBUG 
出错类：Log  
错误描述：准备运行一次:TaskFramework.BaseTaskDLL 




 记录时间：2016-02-01 18:04:40,004 
日志级别：  DEBUG 
出错类：Log  
错误描述：准备运行一次:TaskFramework.BaseTaskDLL 




 记录时间：2016-02-01 18:04:50,004 
日志级别：  DEBUG 
出错类：Log  
错误描述：准备运行一次:TaskFramework.BaseTaskDLL 




 记录时间：2016-02-01 18:05:00,004 
日志级别：  DEBUG 
出错类：Log  
错误描述：准备运行一次:TaskFramework.BaseTaskDLL 




 记录时间：2016-02-01 18:05:10,004 
日志级别：  DEBUG 
出错类：Log  
错误描述：准备运行一次:TaskFramework.BaseTaskDLL 




 记录时间：2016-02-01 18:05:20,000 
日志级别：  DEBUG 
出错类：Log  
错误描述：准备运行一次:TaskFramework.BaseTaskDLL 




 记录时间：2016-02-01 18:05:30,003 
日志级别：  DEBUG 
出错类：Log  
错误描述：准备运行一次:TaskFramework.BaseTaskDLL 




 记录时间：2016-02-01 18:05:40,003 
日志级别：  DEBUG 
出错类：Log  
错误描述：准备运行一次:TaskFramework.BaseTaskDLL 




 记录时间：2016-02-01 18:05:50,003 
日志级别：  DEBUG 
出错类：Log  
错误描述：准备运行一次:TaskFramework.BaseTaskDLL 




 记录时间：2016-02-01 18:06:00,001 
日志级别：  DEBUG 
出错类：Log  
错误描述：准备运行一次:TaskFramework.BaseTaskDLL 




 记录时间：2016-02-01 18:06:10,004 
日志级别：  DEBUG 
出错类：Log  
错误描述：准备运行一次:TaskFramework.BaseTaskDLL 




 记录时间：2016-02-01 18:07:00,000 
日志级别：  DEBUG 
出错类：Log  
错误描述：准备运行一次:TaskFramework.BaseTaskDLL 




 记录时间：2016-02-01 18:07:10,004 
日志级别：  DEBUG 
出错类：Log  
错误描述：准备运行一次:TaskFramework.BaseTaskDLL 




 记录时间：2016-02-01 18:07:20,000 
日志级别：  DEBUG 
出错类：Log  
错误描述：准备运行一次:TaskFramework.BaseTaskDLL 




 记录时间：2016-02-01 18:07:30,002 
日志级别：  DEBUG 
出错类：Log  
错误描述：准备运行一次:TaskFramework.BaseTaskDLL 

