


 记录时间：2016-02-01 16:53:34,574 
日志级别：  INFO  
出错类：Log  
错误描述：服务启动 




 记录时间：2016-02-01 16:53:34,629 
日志级别：  INFO  
出错类：Log  
错误描述：准备接收消息 




 记录时间：2016-02-01 16:53:38,644 
日志级别：  INFO  
出错类：Log  
错误描述：接收消息{"Id":1,"TaskId":5,"NodeId":1,"CommandType":1,"CreateTime":"2016-02-01T16:53:38.6268484+08:00","State":0} 




 记录时间：2016-02-01 16:53:38,757 
日志级别：  INFO  
出错类：Log  
错误描述：ExecuteStart 




 记录时间：2016-02-01 16:53:38,757 
日志级别：  INFO  
出错类：Log  
错误描述：开始启动任务 




 记录时间：2016-02-01 16:53:38,758 
日志级别：  INFO  
出错类：Log  
错误描述：启动5任务 




 记录时间：2016-02-01 16:53:38,793 
日志级别：  INFO  
出错类：Log  
错误描述：开始复制dll 




 记录时间：2016-02-01 16:53:38,793 
日志级别：  INFO  
出错类：Log  
错误描述：任务dll上传所在地址:E:\dll文件名:Task1.dll 




 记录时间：2016-02-01 16:53:38,845 
日志级别：  INFO  
出错类：Log  
错误描述：获取了dll 




 记录时间：2016-02-01 16:53:38,960 
日志级别：  INFO  
出错类：Log  
错误描述：TaskCron:0/10 * * * * ? 




 记录时间：2016-02-01 16:53:38,969 
日志级别：  INFO  
出错类：Log  
错误描述：节点开启成功 




 记录时间：2016-02-01 16:54:10,845 
日志级别：  INFO  
出错类：Log  
错误描述：服务结束 

